C:\USERS\Максим\DOCUMENTS\VISUAL STUDIO 2012\PROJECTS\KYRSOVOI\KYRSOVOI\RELEASE\KYRSOVOI.PCH
C:\USERS\Максим\DOCUMENTS\VISUAL STUDIO 2012\PROJECTS\KYRSOVOI\KYRSOVOI\RELEASE\STDAFX.OBJ
C:\USERS\МАКСИМ\DOCUMENTS\VISUAL STUDIO 2012\PROJECTS\KYRSOVOI\KYRSOVOI\RELEASE\VC110.PDB
C:\USERS\Максим\DOCUMENTS\VISUAL STUDIO 2012\PROJECTS\KYRSOVOI\KYRSOVOI\RELEASE\MAINFRM.OBJ
C:\USERS\Максим\DOCUMENTS\VISUAL STUDIO 2012\PROJECTS\KYRSOVOI\KYRSOVOI\RELEASE\KYRSOVOIVIEW.OBJ
C:\USERS\Максим\DOCUMENTS\VISUAL STUDIO 2012\PROJECTS\KYRSOVOI\KYRSOVOI\RELEASE\KYRSOVOIDOC.OBJ
C:\USERS\Максим\DOCUMENTS\VISUAL STUDIO 2012\PROJECTS\KYRSOVOI\KYRSOVOI\RELEASE\KYRSOVOI.OBJ
C:\USERS\Максим\DOCUMENTS\VISUAL STUDIO 2012\PROJECTS\KYRSOVOI\KYRSOVOI\RELEASE\CHANGE.OBJ
C:\USERS\Максим\DOCUMENTS\VISUAL STUDIO 2012\PROJECTS\KYRSOVOI\KYRSOVOI\RELEASE\KYRSOVOI.RES
C:\Users\Максим\documents\visual studio 2012\Projects\Kyrsovoi\Kyrsovoi\Release\Change.obj
C:\Users\Максим\documents\visual studio 2012\Projects\Kyrsovoi\Kyrsovoi\Release\Kyrsovoi.obj
C:\Users\Максим\documents\visual studio 2012\Projects\Kyrsovoi\Kyrsovoi\Release\KyrsovoiDoc.obj
C:\Users\Максим\documents\visual studio 2012\Projects\Kyrsovoi\Kyrsovoi\Release\KyrsovoiView.obj
C:\Users\Максим\documents\visual studio 2012\Projects\Kyrsovoi\Kyrsovoi\Release\MainFrm.obj
C:\Users\Максим\documents\visual studio 2012\Projects\Kyrsovoi\Kyrsovoi\Release\stdafx.obj
C:\Users\Максим\documents\visual studio 2012\Projects\Kyrsovoi\Kyrsovoi\Release\cl.command.1.tlog
C:\Users\Максим\documents\visual studio 2012\Projects\Kyrsovoi\Kyrsovoi\Release\CL.read.1.tlog
C:\Users\Максим\documents\visual studio 2012\Projects\Kyrsovoi\Kyrsovoi\Release\CL.write.1.tlog
C:\Users\Максим\documents\visual studio 2012\Projects\Kyrsovoi\Kyrsovoi\Release\link.command.1.tlog
C:\Users\Максим\documents\visual studio 2012\Projects\Kyrsovoi\Kyrsovoi\Release\link.read.1.tlog
C:\Users\Максим\documents\visual studio 2012\Projects\Kyrsovoi\Kyrsovoi\Release\link.write.1.tlog
C:\Users\Максим\documents\visual studio 2012\Projects\Kyrsovoi\Kyrsovoi\Release\rc.command.1.tlog
C:\Users\Максим\documents\visual studio 2012\Projects\Kyrsovoi\Kyrsovoi\Release\rc.read.1.tlog
C:\Users\Максим\documents\visual studio 2012\Projects\Kyrsovoi\Kyrsovoi\Release\rc.write.1.tlog
C:\Users\Максим\documents\visual studio 2012\Projects\Kyrsovoi\Kyrsovoi\Release\Kyrsovoi.res
C:\Users\Максим\documents\visual studio 2012\Projects\Kyrsovoi\Kyrsovoi\Release\Kyrsovoi.pch
C:\Users\Максим\documents\visual studio 2012\Projects\Kyrsovoi\Kyrsovoi\Release\vc110.pdb
