C:\USERS\Максим\DOCUMENTS\VISUAL STUDIO 2012\PROJECTS\KYRSOVOI\KYRSOVOI\DEBUG\KYRSOVOI.PCH
C:\USERS\Максим\DOCUMENTS\VISUAL STUDIO 2012\PROJECTS\KYRSOVOI\KYRSOVOI\DEBUG\STDAFX.OBJ
C:\USERS\МАКСИМ\DOCUMENTS\VISUAL STUDIO 2012\PROJECTS\KYRSOVOI\KYRSOVOI\DEBUG\VC110.PDB
C:\USERS\Максим\DOCUMENTS\VISUAL STUDIO 2012\PROJECTS\KYRSOVOI\KYRSOVOI\DEBUG\KYRSOVOI.OBJ
C:\USERS\Максим\DOCUMENTS\VISUAL STUDIO 2012\PROJECTS\KYRSOVOI\KYRSOVOI\DEBUG\KYRSOVOIVIEW.OBJ
C:\USERS\Максим\DOCUMENTS\VISUAL STUDIO 2012\PROJECTS\KYRSOVOI\KYRSOVOI\DEBUG\KYRSOVOIDOC.OBJ
C:\USERS\Максим\DOCUMENTS\VISUAL STUDIO 2012\PROJECTS\KYRSOVOI\KYRSOVOI\DEBUG\MAINFRM.OBJ
C:\USERS\Максим\DOCUMENTS\VISUAL STUDIO 2012\PROJECTS\KYRSOVOI\KYRSOVOI\DEBUG\CHANGE.OBJ
C:\USERS\Максим\DOCUMENTS\VISUAL STUDIO 2012\PROJECTS\KYRSOVOI\KYRSOVOI\DEBUG\KYRSOVOI.RES
C:\Users\Максим\documents\visual studio 2012\Projects\Kyrsovoi\Kyrsovoi\Debug\Change.obj
C:\Users\Максим\documents\visual studio 2012\Projects\Kyrsovoi\Kyrsovoi\Debug\Kyrsovoi.obj
C:\Users\Максим\documents\visual studio 2012\Projects\Kyrsovoi\Kyrsovoi\Debug\KyrsovoiDoc.obj
C:\Users\Максим\documents\visual studio 2012\Projects\Kyrsovoi\Kyrsovoi\Debug\KyrsovoiView.obj
C:\Users\Максим\documents\visual studio 2012\Projects\Kyrsovoi\Kyrsovoi\Debug\MainFrm.obj
C:\Users\Максим\documents\visual studio 2012\Projects\Kyrsovoi\Kyrsovoi\Debug\stdafx.obj
C:\Users\Максим\documents\visual studio 2012\Projects\Kyrsovoi\Kyrsovoi\Debug\cl.command.1.tlog
C:\Users\Максим\documents\visual studio 2012\Projects\Kyrsovoi\Kyrsovoi\Debug\CL.read.1.tlog
C:\Users\Максим\documents\visual studio 2012\Projects\Kyrsovoi\Kyrsovoi\Debug\CL.write.1.tlog
C:\Users\Максим\documents\visual studio 2012\Projects\Kyrsovoi\Kyrsovoi\Debug\link-cvtres.read.1.tlog
C:\Users\Максим\documents\visual studio 2012\Projects\Kyrsovoi\Kyrsovoi\Debug\link-cvtres.write.1.tlog
C:\Users\Максим\documents\visual studio 2012\Projects\Kyrsovoi\Kyrsovoi\Debug\link-mt.read.1.tlog
C:\Users\Максим\documents\visual studio 2012\Projects\Kyrsovoi\Kyrsovoi\Debug\link-mt.write.1.tlog
C:\Users\Максим\documents\visual studio 2012\Projects\Kyrsovoi\Kyrsovoi\Debug\link-rc.read.1.tlog
C:\Users\Максим\documents\visual studio 2012\Projects\Kyrsovoi\Kyrsovoi\Debug\link-rc.write.1.tlog
C:\Users\Максим\documents\visual studio 2012\Projects\Kyrsovoi\Kyrsovoi\Debug\link.command.1.tlog
C:\Users\Максим\documents\visual studio 2012\Projects\Kyrsovoi\Kyrsovoi\Debug\link.read.1.tlog
C:\Users\Максим\documents\visual studio 2012\Projects\Kyrsovoi\Kyrsovoi\Debug\link.write.1.tlog
C:\Users\Максим\documents\visual studio 2012\Projects\Kyrsovoi\Kyrsovoi\Debug\rc.command.1.tlog
C:\Users\Максим\documents\visual studio 2012\Projects\Kyrsovoi\Kyrsovoi\Debug\rc.read.1.tlog
C:\Users\Максим\documents\visual studio 2012\Projects\Kyrsovoi\Kyrsovoi\Debug\rc.write.1.tlog
C:\Users\Максим\documents\visual studio 2012\Projects\Kyrsovoi\Kyrsovoi\Debug\Kyrsovoi.res
C:\Users\Максим\documents\visual studio 2012\Projects\Kyrsovoi\Kyrsovoi\Debug\Kyrsovoi.pch
C:\Users\Максим\documents\visual studio 2012\Projects\Kyrsovoi\Kyrsovoi\Debug\vc110.idb
C:\Users\Максим\documents\visual studio 2012\Projects\Kyrsovoi\Kyrsovoi\Debug\vc110.pdb
C:\Users\Максим\documents\visual studio 2012\Projects\Kyrsovoi\Debug\Kyrsovoi.pdb
